{"ts":"2026-01-27T01:24:03.358Z","ip":"::1","body":{"fullName":"Tester, Node Simple","email":"node.simple4@deped.gov.ph","office":"Test Office","district":null,"position":"Teacher I","salaryGrade":11,"step":1,"salary":27000}}
{"ts":"2026-01-27T01:27:12.095Z","ip":"::1","body":{"fullName":"Tester, Node Simple","email":"node.simple4@deped.gov.ph","office":"Test Office","district":null,"position":"Teacher I","salaryGrade":11,"step":1,"salary":27000}}
{"ts":"2026-01-27T01:27:20.319Z","ip":"::1","body":{"fullName":"Tester, Node Simple","email":"node.simple5@deped.gov.ph","office":"Test Office","district":null,"position":"Teacher I","salaryGrade":11,"step":1,"salary":27000}}
{"ts":"2026-01-27T02:05:14.881Z","ip":"::1","body":{"fullName":"Test User","email":"test@deped.gov.ph","office":"Schools Division of Sipalay City","district":null,"position":"Administrative Officer IV","salaryGrade":15,"step":3,"salary":37224}}
{"ts":"2026-01-27T02:05:24.806Z","ip":"::1","body":{"fullName":"Test User","email":"test@deped.gov.ph","office":"Schools Division of Sipalay City","district":null,"position":"Administrative Officer IV","salaryGrade":15,"step":3,"salary":37224}}
{"ts":"2026-01-27T02:06:23.201Z","ip":"::1","body":{"fullName":"Test User","email":"test@deped.gov.ph","office":"Schools Division of Sipalay City","district":null,"position":"Administrative Officer IV","salaryGrade":15,"step":3,"salary":37224}}
{"ts":"2026-01-27T02:06:33.910Z","ip":"::1","body":{"fullName":"Test User","email":"test@deped.gov.ph","office":"Schools Division of Sipalay City","district":null,"position":"Administrative Officer IV","salaryGrade":15,"step":3,"salary":37224}}
{"ts":"2026-01-27T02:07:07.626Z","ip":"::1","body":{"fullName":"Test User","email":"test@deped.gov.ph","office":"Schools Division of Sipalay City","district":null,"position":"Administrative Officer IV","salaryGrade":15,"step":3,"salary":37224}}
{"ts":"2026-01-27T02:07:07.665Z","ip":"::1","body":{"fullName":"Test User","email":"test@deped.gov.ph","office":"Schools Division of Sipalay City","district":null,"position":"Administrative Officer IV","salaryGrade":15,"step":3,"salary":37224}}
{"ts":"2026-01-27T02:07:26.574Z","ip":"::1","body":{"fullName":"Test User","email":"test@deped.gov.ph","office":"Schools Division of Sipalay City","district":null,"position":"Administrative Officer IV","salaryGrade":15,"step":3,"salary":37224}}
{"ts":"2026-01-27T02:08:07.667Z","ip":"::1","body":{"fullName":"Test User","email":"test@deped.gov.ph","office":"Schools Division of Sipalay City","district":null,"position":"Administrative Officer IV","salaryGrade":15,"step":3,"salary":37224}}
{"ts":"2026-01-27T02:08:14.154Z","ip":"::1","body":{"fullName":"Test User","email":"test@deped.gov.ph","office":"Schools Division of Sipalay City","district":null,"position":"Administrative Officer IV","salaryGrade":15,"step":3,"salary":37224}}
{"ts":"2026-01-27T02:13:57.637Z","ip":"::1","body":{"fullName":"Test User","email":"test@deped.gov.ph","office":"Schools Division of Sipalay City","district":null,"position":"Administrative Officer IV","salaryGrade":15,"step":3,"salary":37224}}
{"ts":"2026-01-27T02:13:57.697Z","ip":"::1","body":{"fullName":"Test User","email":"test@deped.gov.ph","office":"Schools Division of Sipalay City","district":null,"position":"Administrative Officer IV","salaryGrade":15,"step":3,"salary":37224}}
{"ts":"2026-01-27T05:40:31.902Z","ip":"::1","body":{"fullName":"Catigan, Ma. Luisa Bayoran","email":"maluisa.catigan@deped.gov.ph","office":"Schools Division of Sipalay City","district":null,"position":"Administrative Officer IV","salaryGrade":15,"step":3,"salary":37224}}
{"ts":"2026-01-27T05:40:42.833Z","ip":"::1","body":{"fullName":"Catigan, Ma. Luisa Bayoran","email":"maluisa.catigan@deped.gov.ph","office":"Schools Division of Sipalay City","district":null,"position":"Administrative Officer IV","salaryGrade":15,"step":3,"salary":37224}}
{"ts":"2026-01-27T05:40:57.265Z","ip":"::1","body":{"fullName":"Catigan, Ma. Luisa Bayoran","email":"maluisa.catigan@deped.gov.ph","office":"Schools Division of Sipalay City","district":null,"position":"Administrative Officer IV","salaryGrade":15,"step":3,"salary":37224}}
{"ts":"2026-01-27T05:41:42.237Z","ip":"::1","body":{"fullName":"Catigan, Ma. Luisa Bayoran","email":"maluisa.catigan@deped.gov.ph","office":"Schools Division of Sipalay City","district":null,"position":"Administrative Officer IV","salaryGrade":15,"step":3,"salary":37224}}
{"ts":"2026-01-27T05:41:57.249Z","ip":"::1","body":{"fullName":"Catigan, Ma. Luisa Bayoran","email":"maluisa.catigan@deped.gov.ph","office":"Schools Division of Sipalay City","district":null,"position":"Administrative Officer IV","salaryGrade":15,"step":3,"salary":37224}}
{"ts":"2026-01-27T05:42:42.253Z","ip":"::1","body":{"fullName":"Catigan, Ma. Luisa Bayoran","email":"maluisa.catigan@deped.gov.ph","office":"Schools Division of Sipalay City","district":null,"position":"Administrative Officer IV","salaryGrade":15,"step":3,"salary":37224}}
{"ts":"2026-01-27T05:42:57.232Z","ip":"::1","body":{"fullName":"Catigan, Ma. Luisa Bayoran","email":"maluisa.catigan@deped.gov.ph","office":"Schools Division of Sipalay City","district":null,"position":"Administrative Officer IV","salaryGrade":15,"step":3,"salary":37224}}
{"ts":"2026-01-27T05:43:42.243Z","ip":"::1","body":{"fullName":"Catigan, Ma. Luisa Bayoran","email":"maluisa.catigan@deped.gov.ph","office":"Schools Division of Sipalay City","district":null,"position":"Administrative Officer IV","salaryGrade":15,"step":3,"salary":37224}}
{"ts":"2026-01-27T05:43:57.245Z","ip":"::1","body":{"fullName":"Catigan, Ma. Luisa Bayoran","email":"maluisa.catigan@deped.gov.ph","office":"Schools Division of Sipalay City","district":null,"position":"Administrative Officer IV","salaryGrade":15,"step":3,"salary":37224}}
{"ts":"2026-01-27T05:44:42.235Z","ip":"::1","body":{"fullName":"Catigan, Ma. Luisa Bayoran","email":"maluisa.catigan@deped.gov.ph","office":"Schools Division of Sipalay City","district":null,"position":"Administrative Officer IV","salaryGrade":15,"step":3,"salary":37224}}
{"ts":"2026-01-27T05:44:57.244Z","ip":"::1","body":{"fullName":"Catigan, Ma. Luisa Bayoran","email":"maluisa.catigan@deped.gov.ph","office":"Schools Division of Sipalay City","district":null,"position":"Administrative Officer IV","salaryGrade":15,"step":3,"salary":37224}}
{"ts":"2026-01-27T05:45:42.245Z","ip":"::1","body":{"fullName":"Catigan, Ma. Luisa Bayoran","email":"maluisa.catigan@deped.gov.ph","office":"Schools Division of Sipalay City","district":null,"position":"Administrative Officer IV","salaryGrade":15,"step":3,"salary":37224}}
{"ts":"2026-01-27T05:45:57.235Z","ip":"::1","body":{"fullName":"Catigan, Ma. Luisa Bayoran","email":"maluisa.catigan@deped.gov.ph","office":"Schools Division of Sipalay City","district":null,"position":"Administrative Officer IV","salaryGrade":15,"step":3,"salary":37224}}
{"ts":"2026-01-27T05:46:42.240Z","ip":"::1","body":{"fullName":"Catigan, Ma. Luisa Bayoran","email":"maluisa.catigan@deped.gov.ph","office":"Schools Division of Sipalay City","district":null,"position":"Administrative Officer IV","salaryGrade":15,"step":3,"salary":37224}}
{"ts":"2026-01-27T05:46:57.245Z","ip":"::1","body":{"fullName":"Catigan, Ma. Luisa Bayoran","email":"maluisa.catigan@deped.gov.ph","office":"Schools Division of Sipalay City","district":null,"position":"Administrative Officer IV","salaryGrade":15,"step":3,"salary":37224}}
{"ts":"2026-01-27T05:47:43.241Z","ip":"::1","body":{"fullName":"Catigan, Ma. Luisa Bayoran","email":"maluisa.catigan@deped.gov.ph","office":"Schools Division of Sipalay City","district":null,"position":"Administrative Officer IV","salaryGrade":15,"step":3,"salary":37224}}
{"ts":"2026-01-27T05:47:57.245Z","ip":"::1","body":{"fullName":"Catigan, Ma. Luisa Bayoran","email":"maluisa.catigan@deped.gov.ph","office":"Schools Division of Sipalay City","district":null,"position":"Administrative Officer IV","salaryGrade":15,"step":3,"salary":37224}}
{"ts":"2026-01-27T05:48:44.246Z","ip":"::1","body":{"fullName":"Catigan, Ma. Luisa Bayoran","email":"maluisa.catigan@deped.gov.ph","office":"Schools Division of Sipalay City","district":null,"position":"Administrative Officer IV","salaryGrade":15,"step":3,"salary":37224}}
{"ts":"2026-01-27T05:48:57.234Z","ip":"::1","body":{"fullName":"Catigan, Ma. Luisa Bayoran","email":"maluisa.catigan@deped.gov.ph","office":"Schools Division of Sipalay City","district":null,"position":"Administrative Officer IV","salaryGrade":15,"step":3,"salary":37224}}
{"ts":"2026-01-27T05:49:45.236Z","ip":"::1","body":{"fullName":"Catigan, Ma. Luisa Bayoran","email":"maluisa.catigan@deped.gov.ph","office":"Schools Division of Sipalay City","district":null,"position":"Administrative Officer IV","salaryGrade":15,"step":3,"salary":37224}}
{"ts":"2026-01-27T05:49:57.236Z","ip":"::1","body":{"fullName":"Catigan, Ma. Luisa Bayoran","email":"maluisa.catigan@deped.gov.ph","office":"Schools Division of Sipalay City","district":null,"position":"Administrative Officer IV","salaryGrade":15,"step":3,"salary":37224}}
{"ts":"2026-01-27T05:50:46.239Z","ip":"::1","body":{"fullName":"Catigan, Ma. Luisa Bayoran","email":"maluisa.catigan@deped.gov.ph","office":"Schools Division of Sipalay City","district":null,"position":"Administrative Officer IV","salaryGrade":15,"step":3,"salary":37224}}
{"ts":"2026-01-27T05:50:57.233Z","ip":"::1","body":{"fullName":"Catigan, Ma. Luisa Bayoran","email":"maluisa.catigan@deped.gov.ph","office":"Schools Division of Sipalay City","district":null,"position":"Administrative Officer IV","salaryGrade":15,"step":3,"salary":37224}}
{"ts":"2026-01-27T05:51:47.242Z","ip":"::1","body":{"fullName":"Catigan, Ma. Luisa Bayoran","email":"maluisa.catigan@deped.gov.ph","office":"Schools Division of Sipalay City","district":null,"position":"Administrative Officer IV","salaryGrade":15,"step":3,"salary":37224}}
{"ts":"2026-01-27T05:51:57.233Z","ip":"::1","body":{"fullName":"Catigan, Ma. Luisa Bayoran","email":"maluisa.catigan@deped.gov.ph","office":"Schools Division of Sipalay City","district":null,"position":"Administrative Officer IV","salaryGrade":15,"step":3,"salary":37224}}
{"ts":"2026-01-27T05:52:48.235Z","ip":"::1","body":{"fullName":"Catigan, Ma. Luisa Bayoran","email":"maluisa.catigan@deped.gov.ph","office":"Schools Division of Sipalay City","district":null,"position":"Administrative Officer IV","salaryGrade":15,"step":3,"salary":37224}}
{"ts":"2026-01-27T05:52:57.244Z","ip":"::1","body":{"fullName":"Catigan, Ma. Luisa Bayoran","email":"maluisa.catigan@deped.gov.ph","office":"Schools Division of Sipalay City","district":null,"position":"Administrative Officer IV","salaryGrade":15,"step":3,"salary":37224}}
{"ts":"2026-01-27T05:53:49.249Z","ip":"::1","body":{"fullName":"Catigan, Ma. Luisa Bayoran","email":"maluisa.catigan@deped.gov.ph","office":"Schools Division of Sipalay City","district":null,"position":"Administrative Officer IV","salaryGrade":15,"step":3,"salary":37224}}
{"ts":"2026-01-27T05:53:57.232Z","ip":"::1","body":{"fullName":"Catigan, Ma. Luisa Bayoran","email":"maluisa.catigan@deped.gov.ph","office":"Schools Division of Sipalay City","district":null,"position":"Administrative Officer IV","salaryGrade":15,"step":3,"salary":37224}}
{"ts":"2026-01-27T05:54:50.244Z","ip":"::1","body":{"fullName":"Catigan, Ma. Luisa Bayoran","email":"maluisa.catigan@deped.gov.ph","office":"Schools Division of Sipalay City","district":null,"position":"Administrative Officer IV","salaryGrade":15,"step":3,"salary":37224}}
{"ts":"2026-01-27T05:54:57.241Z","ip":"::1","body":{"fullName":"Catigan, Ma. Luisa Bayoran","email":"maluisa.catigan@deped.gov.ph","office":"Schools Division of Sipalay City","district":null,"position":"Administrative Officer IV","salaryGrade":15,"step":3,"salary":37224}}
{"ts":"2026-01-27T05:55:51.233Z","ip":"::1","body":{"fullName":"Catigan, Ma. Luisa Bayoran","email":"maluisa.catigan@deped.gov.ph","office":"Schools Division of Sipalay City","district":null,"position":"Administrative Officer IV","salaryGrade":15,"step":3,"salary":37224}}
{"ts":"2026-01-27T05:55:57.237Z","ip":"::1","body":{"fullName":"Catigan, Ma. Luisa Bayoran","email":"maluisa.catigan@deped.gov.ph","office":"Schools Division of Sipalay City","district":null,"position":"Administrative Officer IV","salaryGrade":15,"step":3,"salary":37224}}
{"ts":"2026-01-27T05:56:49.959Z","ip":"::1","body":{"fullName":"Catigan, Ma. Luisa Bayoran","email":"maluisa.catigan@deped.gov.ph","office":"Schools Division of Sipalay City","district":null,"position":"Administrative Officer IV","salaryGrade":15,"step":3,"salary":37224}}
{"ts":"2026-01-27T05:56:57.243Z","ip":"::1","body":{"fullName":"Catigan, Ma. Luisa Bayoran","email":"maluisa.catigan@deped.gov.ph","office":"Schools Division of Sipalay City","district":null,"position":"Administrative Officer IV","salaryGrade":15,"step":3,"salary":37224}}
{"ts":"2026-01-27T05:57:00.871Z","ip":"::1","body":{"fullName":"Catigan, Ma. Luisa Bayoran","email":"maluisa.catigan@deped.gov.ph","office":"Schools Division of Sipalay City","district":null,"position":"Administrative Officer IV","salaryGrade":15,"step":3,"salary":37224}}
{"ts":"2026-01-27T05:57:42.239Z","ip":"::1","body":{"fullName":"Catigan, Ma. Luisa Bayoran","email":"maluisa.catigan@deped.gov.ph","office":"Schools Division of Sipalay City","district":null,"position":"Administrative Officer IV","salaryGrade":15,"step":3,"salary":37224}}
{"ts":"2026-01-27T05:57:57.241Z","ip":"::1","body":{"fullName":"Catigan, Ma. Luisa Bayoran","email":"maluisa.catigan@deped.gov.ph","office":"Schools Division of Sipalay City","district":null,"position":"Administrative Officer IV","salaryGrade":15,"step":3,"salary":37224}}
{"ts":"2026-01-27T05:58:42.238Z","ip":"::1","body":{"fullName":"Catigan, Ma. Luisa Bayoran","email":"maluisa.catigan@deped.gov.ph","office":"Schools Division of Sipalay City","district":null,"position":"Administrative Officer IV","salaryGrade":15,"step":3,"salary":37224}}
{"ts":"2026-01-27T05:58:57.242Z","ip":"::1","body":{"fullName":"Catigan, Ma. Luisa Bayoran","email":"maluisa.catigan@deped.gov.ph","office":"Schools Division of Sipalay City","district":null,"position":"Administrative Officer IV","salaryGrade":15,"step":3,"salary":37224}}
{"ts":"2026-01-27T05:59:43.232Z","ip":"::1","body":{"fullName":"Catigan, Ma. Luisa Bayoran","email":"maluisa.catigan@deped.gov.ph","office":"Schools Division of Sipalay City","district":null,"position":"Administrative Officer IV","salaryGrade":15,"step":3,"salary":37224}}
{"ts":"2026-01-27T05:59:57.245Z","ip":"::1","body":{"fullName":"Catigan, Ma. Luisa Bayoran","email":"maluisa.catigan@deped.gov.ph","office":"Schools Division of Sipalay City","district":null,"position":"Administrative Officer IV","salaryGrade":15,"step":3,"salary":37224}}
{"ts":"2026-01-27T06:00:44.235Z","ip":"::1","body":{"fullName":"Catigan, Ma. Luisa Bayoran","email":"maluisa.catigan@deped.gov.ph","office":"Schools Division of Sipalay City","district":null,"position":"Administrative Officer IV","salaryGrade":15,"step":3,"salary":37224}}
{"ts":"2026-01-27T06:00:57.238Z","ip":"::1","body":{"fullName":"Catigan, Ma. Luisa Bayoran","email":"maluisa.catigan@deped.gov.ph","office":"Schools Division of Sipalay City","district":null,"position":"Administrative Officer IV","salaryGrade":15,"step":3,"salary":37224}}
{"ts":"2026-01-27T06:01:45.234Z","ip":"::1","body":{"fullName":"Catigan, Ma. Luisa Bayoran","email":"maluisa.catigan@deped.gov.ph","office":"Schools Division of Sipalay City","district":null,"position":"Administrative Officer IV","salaryGrade":15,"step":3,"salary":37224}}
{"ts":"2026-01-27T06:01:57.240Z","ip":"::1","body":{"fullName":"Catigan, Ma. Luisa Bayoran","email":"maluisa.catigan@deped.gov.ph","office":"Schools Division of Sipalay City","district":null,"position":"Administrative Officer IV","salaryGrade":15,"step":3,"salary":37224}}
{"ts":"2026-01-27T06:02:46.233Z","ip":"::1","body":{"fullName":"Catigan, Ma. Luisa Bayoran","email":"maluisa.catigan@deped.gov.ph","office":"Schools Division of Sipalay City","district":null,"position":"Administrative Officer IV","salaryGrade":15,"step":3,"salary":37224}}
{"ts":"2026-01-27T06:02:57.234Z","ip":"::1","body":{"fullName":"Catigan, Ma. Luisa Bayoran","email":"maluisa.catigan@deped.gov.ph","office":"Schools Division of Sipalay City","district":null,"position":"Administrative Officer IV","salaryGrade":15,"step":3,"salary":37224}}
{"ts":"2026-01-27T06:03:47.238Z","ip":"::1","body":{"fullName":"Catigan, Ma. Luisa Bayoran","email":"maluisa.catigan@deped.gov.ph","office":"Schools Division of Sipalay City","district":null,"position":"Administrative Officer IV","salaryGrade":15,"step":3,"salary":37224}}
{"ts":"2026-01-27T06:03:57.239Z","ip":"::1","body":{"fullName":"Catigan, Ma. Luisa Bayoran","email":"maluisa.catigan@deped.gov.ph","office":"Schools Division of Sipalay City","district":null,"position":"Administrative Officer IV","salaryGrade":15,"step":3,"salary":37224}}
{"ts":"2026-01-27T06:04:48.235Z","ip":"::1","body":{"fullName":"Catigan, Ma. Luisa Bayoran","email":"maluisa.catigan@deped.gov.ph","office":"Schools Division of Sipalay City","district":null,"position":"Administrative Officer IV","salaryGrade":15,"step":3,"salary":37224}}
{"ts":"2026-01-27T06:04:57.246Z","ip":"::1","body":{"fullName":"Catigan, Ma. Luisa Bayoran","email":"maluisa.catigan@deped.gov.ph","office":"Schools Division of Sipalay City","district":null,"position":"Administrative Officer IV","salaryGrade":15,"step":3,"salary":37224}}
{"ts":"2026-01-27T06:05:49.241Z","ip":"::1","body":{"fullName":"Catigan, Ma. Luisa Bayoran","email":"maluisa.catigan@deped.gov.ph","office":"Schools Division of Sipalay City","district":null,"position":"Administrative Officer IV","salaryGrade":15,"step":3,"salary":37224}}
{"ts":"2026-01-27T06:05:57.237Z","ip":"::1","body":{"fullName":"Catigan, Ma. Luisa Bayoran","email":"maluisa.catigan@deped.gov.ph","office":"Schools Division of Sipalay City","district":null,"position":"Administrative Officer IV","salaryGrade":15,"step":3,"salary":37224}}
{"ts":"2026-01-27T06:06:50.232Z","ip":"::1","body":{"fullName":"Catigan, Ma. Luisa Bayoran","email":"maluisa.catigan@deped.gov.ph","office":"Schools Division of Sipalay City","district":null,"position":"Administrative Officer IV","salaryGrade":15,"step":3,"salary":37224}}
{"ts":"2026-01-27T06:06:57.239Z","ip":"::1","body":{"fullName":"Catigan, Ma. Luisa Bayoran","email":"maluisa.catigan@deped.gov.ph","office":"Schools Division of Sipalay City","district":null,"position":"Administrative Officer IV","salaryGrade":15,"step":3,"salary":37224}}
{"ts":"2026-01-27T06:07:11.208Z","ip":"::1","body":{"fullName":"Catigan, Ma. Luisa Bayoran","email":"maluisa.catigan@deped.gov.ph","office":"Schools Division of Sipalay City","district":null,"position":"Administrative Officer IV","salaryGrade":15,"step":3,"salary":37224}}
{"ts":"2026-01-27T06:07:42.244Z","ip":"::1","body":{"fullName":"Catigan, Ma. Luisa Bayoran","email":"maluisa.catigan@deped.gov.ph","office":"Schools Division of Sipalay City","district":null,"position":"Administrative Officer IV","salaryGrade":15,"step":3,"salary":37224}}
{"ts":"2026-01-27T06:07:57.246Z","ip":"::1","body":{"fullName":"Catigan, Ma. Luisa Bayoran","email":"maluisa.catigan@deped.gov.ph","office":"Schools Division of Sipalay City","district":null,"position":"Administrative Officer IV","salaryGrade":15,"step":3,"salary":37224}}
{"ts":"2026-01-27T06:07:59.568Z","ip":"::1","body":{"fullName":"Catigan, Ma. Luisa Bayoran","email":"maluisa.catigan@deped.gov.ph","office":"Schools Division of Sipalay City","district":null,"position":"Administrative Officer IV","salaryGrade":15,"step":3,"salary":37224}}
{"ts":"2026-01-27T06:08:26.667Z","ip":"::1","body":{"fullName":"Catigan, Ma. Luisa Bayoran","email":"maluisa.catigan@deped.gov.ph","office":"Schools Division of Sipalay City","district":null,"position":"Administrative Officer IV","salaryGrade":15,"step":3,"salary":37224}}
{"ts":"2026-01-27T06:08:33.446Z","ip":"::1","body":{"fullName":"Catigan, Ma. Luisa Bayoran","email":"maluisa.catigan@deped.gov.ph","office":"Schools Division of Sipalay City","district":null,"position":"Administrative Officer IV","salaryGrade":15,"step":3,"salary":37224}}
{"ts":"2026-01-27T06:08:57.259Z","ip":"::1","body":{"fullName":"Catigan, Ma. Luisa Bayoran","email":"maluisa.catigan@deped.gov.ph","office":"Schools Division of Sipalay City","district":null,"position":"Administrative Officer IV","salaryGrade":15,"step":3,"salary":37224}}
{"ts":"2026-01-27T06:08:59.994Z","ip":"::1","body":{"fullName":"Catigan, Ma. Luisa Bayoran","email":"maluisa.catigan@deped.gov.ph","office":"Schools Division of Sipalay City","district":null,"position":"Administrative Officer IV","salaryGrade":15,"step":3,"salary":37224}}
{"ts":"2026-01-27T06:09:30.903Z","ip":"::1","body":{"fullName":"Catigan, Ma. Luisa Bayoran","email":"maluisa.catigan@deped.gov.ph","office":"Schools Division of Sipalay City","district":null,"position":"Administrative Officer IV","salaryGrade":15,"step":3,"salary":37224}}
{"ts":"2026-01-27T06:09:31.558Z","ip":"::1","body":{"fullName":"Catigan, Ma. Luisa Bayoran","email":"maluisa.catigan@deped.gov.ph","office":"Schools Division of Sipalay City","district":null,"position":"Administrative Officer IV","salaryGrade":15,"step":3,"salary":37224}}
{"ts":"2026-01-27T06:09:31.573Z","ip":"::1","body":{"fullName":"Catigan, Ma. Luisa Bayoran","email":"maluisa.catigan@deped.gov.ph","office":"Schools Division of Sipalay City","district":null,"position":"Administrative Officer IV","salaryGrade":15,"step":3,"salary":37224}}
{"ts":"2026-01-27T06:09:37.841Z","ip":"::1","body":{"fullName":"Catigan, Ma. Luisa Bayoran","email":"maluisa.catigan@deped.gov.ph","office":"Schools Division of Sipalay City","district":null,"position":"Administrative Officer IV","salaryGrade":15,"step":3,"salary":37224}}
{"ts":"2026-01-27T06:09:57.243Z","ip":"::1","body":{"fullName":"Catigan, Ma. Luisa Bayoran","email":"maluisa.catigan@deped.gov.ph","office":"Schools Division of Sipalay City","district":null,"position":"Administrative Officer IV","salaryGrade":15,"step":3,"salary":37224}}
{"ts":"2026-01-27T06:09:57.255Z","ip":"::1","body":{"fullName":"Catigan, Ma. Luisa Bayoran","email":"maluisa.catigan@deped.gov.ph","office":"Schools Division of Sipalay City","district":null,"position":"Administrative Officer IV","salaryGrade":15,"step":3,"salary":37224}}
{"ts":"2026-01-27T06:10:32.333Z","ip":"::1","body":{"fullName":"Catigan, Ma. Luisa Bayoran","email":"maluisa.catigan@deped.gov.ph","office":"Schools Division of Sipalay City","district":null,"position":"Administrative Officer IV","salaryGrade":15,"step":3,"salary":37224}}
{"ts":"2026-01-27T06:10:32.340Z","ip":"::1","body":{"fullName":"Catigan, Ma. Luisa Bayoran","email":"maluisa.catigan@deped.gov.ph","office":"Schools Division of Sipalay City","district":null,"position":"Administrative Officer IV","salaryGrade":15,"step":3,"salary":37224}}
{"ts":"2026-01-27T06:10:57.239Z","ip":"::1","body":{"fullName":"Catigan, Ma. Luisa Bayoran","email":"maluisa.catigan@deped.gov.ph","office":"Schools Division of Sipalay City","district":null,"position":"Administrative Officer IV","salaryGrade":15,"step":3,"salary":37224}}
{"ts":"2026-01-27T06:10:57.249Z","ip":"::1","body":{"fullName":"Catigan, Ma. Luisa Bayoran","email":"maluisa.catigan@deped.gov.ph","office":"Schools Division of Sipalay City","district":null,"position":"Administrative Officer IV","salaryGrade":15,"step":3,"salary":37224}}
{"ts":"2026-01-27T06:11:32.246Z","ip":"::1","body":{"fullName":"Catigan, Ma. Luisa Bayoran","email":"maluisa.catigan@deped.gov.ph","office":"Schools Division of Sipalay City","district":null,"position":"Administrative Officer IV","salaryGrade":15,"step":3,"salary":37224}}
{"ts":"2026-01-27T06:11:32.257Z","ip":"::1","body":{"fullName":"Catigan, Ma. Luisa Bayoran","email":"maluisa.catigan@deped.gov.ph","office":"Schools Division of Sipalay City","district":null,"position":"Administrative Officer IV","salaryGrade":15,"step":3,"salary":37224}}
{"ts":"2026-01-27T06:11:57.238Z","ip":"::1","body":{"fullName":"Catigan, Ma. Luisa Bayoran","email":"maluisa.catigan@deped.gov.ph","office":"Schools Division of Sipalay City","district":null,"position":"Administrative Officer IV","salaryGrade":15,"step":3,"salary":37224}}
{"ts":"2026-01-27T06:11:57.249Z","ip":"::1","body":{"fullName":"Catigan, Ma. Luisa Bayoran","email":"maluisa.catigan@deped.gov.ph","office":"Schools Division of Sipalay City","district":null,"position":"Administrative Officer IV","salaryGrade":15,"step":3,"salary":37224}}
{"ts":"2026-01-27T06:12:32.235Z","ip":"::1","body":{"fullName":"Catigan, Ma. Luisa Bayoran","email":"maluisa.catigan@deped.gov.ph","office":"Schools Division of Sipalay City","district":null,"position":"Administrative Officer IV","salaryGrade":15,"step":3,"salary":37224}}
{"ts":"2026-01-27T06:12:32.255Z","ip":"::1","body":{"fullName":"Catigan, Ma. Luisa Bayoran","email":"maluisa.catigan@deped.gov.ph","office":"Schools Division of Sipalay City","district":null,"position":"Administrative Officer IV","salaryGrade":15,"step":3,"salary":37224}}
{"ts":"2026-01-27T06:12:57.173Z","ip":"::1","body":{"fullName":"Catigan, Ma. Luisa Bayoran","email":"maluisa.catigan@deped.gov.ph","office":"Schools Division of Sipalay City","district":null,"position":"Administrative Officer IV","salaryGrade":15,"step":3,"salary":37224}}
{"ts":"2026-01-27T06:12:57.219Z","ip":"::1","body":{"fullName":"Catigan, Ma. Luisa Bayoran","email":"maluisa.catigan@deped.gov.ph","office":"Schools Division of Sipalay City","district":null,"position":"Administrative Officer IV","salaryGrade":15,"step":3,"salary":37224}}
{"ts":"2026-01-27T06:12:57.233Z","ip":"::1","body":{"fullName":"Catigan, Ma. Luisa Bayoran","email":"maluisa.catigan@deped.gov.ph","office":"Schools Division of Sipalay City","district":null,"position":"Administrative Officer IV","salaryGrade":15,"step":3,"salary":37224}}
{"ts":"2026-01-27T06:12:57.259Z","ip":"::1","body":{"fullName":"Catigan, Ma. Luisa Bayoran","email":"maluisa.catigan@deped.gov.ph","office":"Schools Division of Sipalay City","district":null,"position":"Administrative Officer IV","salaryGrade":15,"step":3,"salary":37224}}
{"ts":"2026-01-27T06:13:01.702Z","ip":"::1","body":{"fullName":"Catigan, Ma. Luisa Bayoran","email":"maluisa.catigan@deped.gov.ph","office":"Schools Division of Sipalay City","district":null,"position":"Administrative Officer IV","salaryGrade":15,"step":3,"salary":37224}}
{"ts":"2026-01-27T06:13:57.240Z","ip":"::1","body":{"fullName":"Catigan, Ma. Luisa Bayoran","email":"maluisa.catigan@deped.gov.ph","office":"Schools Division of Sipalay City","district":null,"position":"Administrative Officer IV","salaryGrade":15,"step":3,"salary":37224}}
{"ts":"2026-01-27T06:13:57.249Z","ip":"::1","body":{"fullName":"Catigan, Ma. Luisa Bayoran","email":"maluisa.catigan@deped.gov.ph","office":"Schools Division of Sipalay City","district":null,"position":"Administrative Officer IV","salaryGrade":15,"step":3,"salary":37224}}
{"ts":"2026-01-27T06:13:57.322Z","ip":"::1","body":{"fullName":"Catigan, Ma. Luisa Bayoran","email":"maluisa.catigan@deped.gov.ph","office":"Schools Division of Sipalay City","district":null,"position":"Administrative Officer IV","salaryGrade":15,"step":3,"salary":37224}}
{"ts":"2026-01-27T06:13:57.330Z","ip":"::1","body":{"fullName":"Catigan, Ma. Luisa Bayoran","email":"maluisa.catigan@deped.gov.ph","office":"Schools Division of Sipalay City","district":null,"position":"Administrative Officer IV","salaryGrade":15,"step":3,"salary":37224}}
{"ts":"2026-01-27T06:13:57.408Z","ip":"::1","body":{"fullName":"Catigan, Ma. Luisa Bayoran","email":"maluisa.catigan@deped.gov.ph","office":"Schools Division of Sipalay City","district":null,"position":"Administrative Officer IV","salaryGrade":15,"step":3,"salary":37224}}
{"ts":"2026-01-27T06:14:08.659Z","ip":"::1","body":{"fullName":"Catigan, Ma. Luisa Bayoran","email":"maluisa.catigan@deped.gov.ph","office":"Schools Division of Sipalay City","district":null,"position":"Administrative Officer IV","salaryGrade":15,"step":3,"salary":37224}}
{"ts":"2026-01-27T06:14:42.683Z","ip":"::1","body":{"fullName":"Catigan, Ma. Luisa Bayoran","email":"maluisa.catigan@deped.gov.ph","office":"Schools Division of Sipalay City","district":null,"position":"Administrative Officer IV","salaryGrade":15,"step":3,"salary":37224}}
{"ts":"2026-01-27T06:16:27.898Z","ip":"::1","body":{"fullName":"Catigan, Ma. Luisa Bayoran","email":"maluisa.catigan@deped.gov.ph","office":"Schools Division of Sipalay City","district":null,"position":"Administrative Officer IV","salaryGrade":15,"step":3,"salary":37224}}
{"ts":"2026-01-29T00:44:27.139Z","ip":"::1","body":{"fullName":"Tiad, Jenel Timonan","email":"jenel.tiad@deped.gov.ph","office":"Calat-an Elementary School","district":null,"position":"Master Teacher II","salaryGrade":19,"step":2,"salary":51778}}
{"ts":"2026-01-29T01:02:41.519Z","ip":"::1","body":{"fullName":"Tiad, Jenel Timonan","email":"jenel.tiad@deped.gov.ph","office":"Calat-an Elementary School","district":null,"position":"Master Teacher II","salaryGrade":19,"step":2,"salary":51778}}
{"ts":"2026-01-29T02:18:23.576Z","ip":"::1","body":{"fullName":"Tiad, Jenel Timonan","email":"jenel.tiad@deped.gov.ph","office":"Agripino Elementary School","district":null,"position":"Teacher I","salaryGrade":11,"step":1,"salary":27000}}
{"ts":"2026-01-29T02:35:01.622Z","ip":"::1","body":{"fullName":"Tiad, Jenel Timonan","email":"jenel.tiad@deped.gov.ph","office":"Cantaca Elementary School","district":null,"position":"Teacher I","salaryGrade":11,"step":1,"salary":27000}}
{"ts":"2026-01-29T03:04:44.750Z","ip":"127.0.0.1","body":{"fullName":null,"email":"jenel.tiad@deped.gov.ph","office":"Agripino Elementary School","district":null,"position":"Teacher I","salaryGrade":11,"step":1,"salary":27000}}
{"ts":"2026-01-29T03:04:49.473Z","ip":"127.0.0.1","body":{"fullName":"Tiad, Jenel Timonan","email":"jenel.tiad@deped.gov.ph","office":"Agripino Elementary School","district":null,"position":"Teacher I","salaryGrade":11,"step":1,"salary":27000}}
